<?xml version="1.0" encoding="UTF-8"?>
<testng-results skipped="0" failed="0" total="2" passed="2">
  <reporter-output>
  </reporter-output>
  <suite name="Decbatch" duration-ms="117646" started-at="2017-01-22T07:21:18Z" finished-at="2017-01-22T07:23:15Z">
    <groups>
      <group name="smoke">
        <method signature="Test_Scenario.test_Scenario(java.util.Map)[pri:0, instance:ScenarioComponent.Test_Scenario@3aeaafa6]" name="test_Scenario" class="ScenarioComponent.Test_Scenario"/>
      </group> <!-- smoke -->
    </groups>
    <test name="RegSet1" duration-ms="117646" started-at="2017-01-22T07:21:18Z" finished-at="2017-01-22T07:23:15Z">
      <class name="ScenarioComponent.Test_Scenario">
        <test-method status="PASS" signature="test_Scenario(java.util.Map)[pri:0, instance:ScenarioComponent.Test_Scenario@3aeaafa6]" name="test_Scenario" duration-ms="61492" started-at="2017-01-22T12:51:18Z" data-provider="dp_validsearch" finished-at="2017-01-22T12:52:19Z">
          <params>
            <param index="0">
              <value>
                <![CDATA[{Order=1.0, Execute_Flag=Y, TC_ID=GB_01, Script_name=InvalidSearch, Search_item=####$, Exp_Result=Sorry! }]]>
              </value>
            </param>
          </params>
          <reporter-output>
          </reporter-output>
        </test-method> <!-- test_Scenario -->
        <test-method status="PASS" signature="test_Scenario(java.util.Map)[pri:0, instance:ScenarioComponent.Test_Scenario@3aeaafa6]" name="test_Scenario" duration-ms="55849" started-at="2017-01-22T12:52:19Z" data-provider="dp_validsearch" finished-at="2017-01-22T12:53:15Z">
          <params>
            <param index="0">
              <value>
                <![CDATA[{Order=2.0, Execute_Flag=Y, TC_ID=GB_01, Script_name=InvalidSearch, Search_item=#****, Exp_Result=Sorry! }]]>
              </value>
            </param>
          </params>
          <reporter-output>
          </reporter-output>
        </test-method> <!-- test_Scenario -->
      </class> <!-- ScenarioComponent.Test_Scenario -->
    </test> <!-- RegSet1 -->
  </suite> <!-- Decbatch -->
</testng-results>
